1430688658 || [Thread:1] || INFO || Server myself: Server connection established
1430688658 || [Thread:1] || INFO || connecting to server 2
1430688658 || [Thread:1] || INFO || CONTROL: connecting to serverName at 2, client: false
1430688658 || [Thread:1] || INFO || Sending Message to serverName:	client7--CONNECT--7
1430688658 || [Thread:9] || INFO || Server myself: New incoming connection accepted from localhost
1430688658 || [Thread:9] || INFO || Server myself: New incoming connection accepted from localhost
1430688663 || [Thread:1] || INFO || Received GETc5 from master
1430688663 || [Thread:1] || INFO || Requesting c5
1430688663 || [Thread:1] || INFO || Sending Message to serverName:	client7--READ--c5;;;0=0:
1430688663 || [Thread:10] || FINE || Trying to parse: <3,0>--READ_RESULT--u0;;;<5,0>=0:0=6:<3,0>=0:<2,0>=1:<4,0>=0:
1430688663 || [Thread:10] || INFO || Received url = u0
1430688663 || [Thread:1] || INFO || Received GETc6 from master
1430688663 || [Thread:1] || INFO || Requesting c6
1430688663 || [Thread:1] || INFO || Sending Message to serverName:	client7--READ--c6;;;<5,0>=0:0=6:<3,0>=0:<2,0>=1:<4,0>=0:
1430688663 || [Thread:10] || FINE || Trying to parse: <3,0>--READ_RESULT--u1;;;<5,0>=0:0=6:<3,0>=0:<2,0>=1:<4,0>=0:
1430688663 || [Thread:10] || INFO || Received url = u1
1430688669 || [Thread:1] || INFO || Received PUT==c7==u7 from master
1430688669 || [Thread:1] || INFO || Sending PUT==c7==u7
1430688669 || [Thread:1] || INFO || Sending Message to serverName:	client7--OPERATION--PUT==c7==u7;;;<5,0>=0:0=6:<3,0>=0:<2,0>=1:<4,0>=0:
1430688669 || [Thread:10] || FINE || Trying to parse: <3,0>--WRITE_RESULT--<3,0>=1:
1430688669 || [Thread:10] || INFO || Write completed
1430688669 || [Thread:1] || INFO || Received CONNECT3 from master
1430688669 || [Thread:1] || INFO || Closing connection to old server
1430688669 || [Thread:1] || INFO || connecting to server 3
1430688669 || [Thread:1] || INFO || CONTROL: connecting to serverName at 3, client: false
1430688669 || [Thread:1] || INFO || Sending Message to serverName:	client7--CONNECT--7
1430688669 || [Thread:9] || INFO || Server myself: New incoming connection accepted from localhost
